[20Mar2025 00:01:44.432] [VoiceChatPacketProcessingThread/INFO] [voicechat/]: [voicechat] Player 58a07aa3-0e93-362a-8cc4-6d8a2dfdca58 timed out
[20Mar2025 00:01:44.435] [VoiceChatPacketProcessingThread/INFO] [voicechat/]: [voicechat] Reconnecting player marcouwu2005
[20Mar2025 00:01:44.435] [VoiceChatPacketProcessingThread/INFO] [voicechat/]: [voicechat] Sent secret to marcouwu2005
[20Mar2025 00:02:26.932] [Server thread/INFO] [net.minecraft.server.network.ServerGamePacketListenerImpl/]: marcouwu2005 lost connection: Timed out
[20Mar2025 00:02:26.933] [Server thread/INFO] [net.minecraft.server.MinecraftServer/]: marcouwu2005 left the game
[20Mar2025 00:02:26.937] [Server thread/INFO] [voicechat/]: [voicechat] Disconnecting client marcouwu2005
[20Mar2025 00:02:27.006] [Server thread/WARN] [net.minecraft.network.Connection/]: handleDisconnection() called twice
[20Mar2025 00:08:16.186] [Server thread/INFO] [net.minecraft.server.players.PlayerList/]: marcouwu2005[/127.221.161.189:50933] logged in with entity id 176446 at (-103.63466994782027, 68.0, 141.59990007976765)
[20Mar2025 00:08:16.191] [Server thread/INFO] [ModdingLegacy/blue_skies/]: Sending ToolHandleTypeManager to marcouwu2005
[20Mar2025 00:08:16.191] [Server thread/INFO] [ModdingLegacy/blue_skies/]: Sending SnowcapOvenFreezingManager to marcouwu2005
[20Mar2025 00:08:16.192] [Server thread/INFO] [ModdingLegacy/blue_skies/]: Sending HorizoniteForgeFuelManager to marcouwu2005
[20Mar2025 00:08:16.192] [Server thread/INFO] [ModdingLegacy/blue_skies/]: Sending AlchemyRecipeManager to marcouwu2005
[20Mar2025 00:08:16.194] [Server thread/INFO] [ModdingLegacy/blue_skies/]: Sending JournalEntryManager to marcouwu2005
[20Mar2025 00:08:16.196] [Server thread/INFO] [ModdingLegacy/blue_skies/]: Sending JournalSectionManager to marcouwu2005
[20Mar2025 00:08:16.196] [Server thread/INFO] [ModdingLegacy/blue_skies/]: Sending JournalRequirementManager to marcouwu2005
[20Mar2025 00:08:16.231] [Server thread/INFO] [net.minecraft.server.MinecraftServer/]: marcouwu2005 joined the game
[20Mar2025 00:08:16.252] [Server thread/WARN] [net.minecraft.server.level.ServerEntity/]: Fetching packet for removed entity ItemEntity['Air'/235, l='ServerLevel[world]', x=-123.50, y=67.00, z=160.50, removed=DISCARDED]
[20Mar2025 00:08:16.311] [Server thread/INFO] [Jade/]: Syncing config to marcouwu2005 (58a07aa3-0e93-362a-8cc4-6d8a2dfdca58)
[20Mar2025 00:08:16.839] [Server thread/INFO] [voicechat/]: [voicechat] Received secret request of marcouwu2005 (18)
[20Mar2025 00:08:16.839] [Server thread/INFO] [voicechat/]: [voicechat] Sent secret to marcouwu2005
[20Mar2025 00:08:29.365] [VoiceChatPacketProcessingThread/INFO] [voicechat/]: [voicechat] Successfully authenticated player 58a07aa3-0e93-362a-8cc4-6d8a2dfdca58
[20Mar2025 00:08:30.355] [VoiceChatPacketProcessingThread/INFO] [voicechat/]: [voicechat] Successfully validated connection of player 58a07aa3-0e93-362a-8cc4-6d8a2dfdca58
[20Mar2025 00:08:30.355] [VoiceChatPacketProcessingThread/INFO] [voicechat/]: [voicechat] Player marcouwu2005 (58a07aa3-0e93-362a-8cc4-6d8a2dfdca58) successfully connected to voice chat
